<?xml version="1.0" encoding="UTF-8"?>
<testsuite name="com.insurance.policy.service.PremiumCalculatorTest" tests="7" skipped="0" failures="0" errors="0" timestamp="2022-02-15T17:18:02" hostname="192-168-0-102.rdsnet.ro" time="0.006">
  <properties/>
  <testcase name="should_Compute_Cost_When_Over_Fire_Threshold_Value()" classname="com.insurance.policy.service.PremiumCalculatorTest" time="0.003"/>
  <testcase name="should_Return_0_When_No_SubObject_In_Policy()" classname="com.insurance.policy.service.PremiumCalculatorTest" time="0.0"/>
  <testcase name="should_Compute_Cost_When_Under_Fire_Threshold_Value()" classname="com.insurance.policy.service.PremiumCalculatorTest" time="0.0"/>
  <testcase name="should_Compute_Cost_When_Under_Theft_Threshold_Value()" classname="com.insurance.policy.service.PremiumCalculatorTest" time="0.0"/>
  <testcase name="should_Return_0_When_No_Object_In_Policy()" classname="com.insurance.policy.service.PremiumCalculatorTest" time="0.001"/>
  <testcase name="should_Compute_Cost_When_Over_Theft_Threshold_Value()" classname="com.insurance.policy.service.PremiumCalculatorTest" time="0.0"/>
  <testcase name="should_Compute_Cost_When_Both_Risk()" classname="com.insurance.policy.service.PremiumCalculatorTest" time="0.001"/>
  <system-out><![CDATA[]]></system-out>
  <system-err><![CDATA[]]></system-err>
</testsuite>
